<?xml version="1.0" encoding="UTF-8"?>
<!-- Generated by org.testng.reporters.JUnitReportReporter -->
<testsuite hostname="DESKTOP-2N5E42V" failures="0" tests="1" name="com.qacart.todo.testcases.DeleteTodoTest" time="16.223" errors="0" timestamp="2025-01-20T16:16:19 EET" skipped="0">
  <testcase classname="com.qacart.todo.testcases.DeleteTodoTest" name="checkAbleToDeleteTodoTask" time="16.223"/>
</testsuite> <!-- com.qacart.todo.testcases.DeleteTodoTest -->
